<?xml version="1.0" encoding="UTF-8"?>
<testng-results skipped="0" failed="0" ignored="0" total="1" passed="1">
  <reporter-output>
  </reporter-output>
  <suite name="Default suite" duration-ms="5298" started-at="2022-01-17T15:25:43 EST" finished-at="2022-01-17T15:25:48 EST">
    <groups>
    </groups>
    <test name="Default test" duration-ms="5298" started-at="2022-01-17T15:25:43 EST" finished-at="2022-01-17T15:25:48 EST">
      <class name="test.LoginPageTest">
        <test-method status="PASS" signature="validUserMustLoginTest()[pri:0, instance:test.LoginPageTest@15d0c81b]" name="validUserMustLoginTest" duration-ms="5260" started-at="2022-01-17T15:25:43 EST" finished-at="2022-01-17T15:25:48 EST">
          <reporter-output>
          </reporter-output>
        </test-method> <!-- validUserMustLoginTest -->
      </class> <!-- test.LoginPageTest -->
    </test> <!-- Default test -->
  </suite> <!-- Default suite -->
</testng-results>
